
==================================================================================
          _____________ ________ _______________ ________     _________  
         / ___________// ______ \\_____   _____// ______ \   / ________) 
        / /_________  / /      \ \     | |     / /      \ \ | (_______   
       |  __________|| |        | |    | |    | |        | | \________ \ 
        \ \_________ | |        | |    | |     \ \______/ /___________) |
         \__________||_|        |_|    |_|      \________//____________/ 

==================================================================================

 Git hash:   91ab665d288f78b4a325b505d787ebd82d48dcf0
 Git date:   Tue, 26 Nov 2019 15:24:40 +0000
 Compiler:   AppleClang 10.0.1.10010046
 Build type: Release
 Version:    0.7.1

 Start time: Fri Nov 29 15:14:09 2019

 Data directory: /Users/matt/code/entos/latest/data
 Number of cores: 1

 --------------------------------------------------------------------------------
                               command: gradient
 --------------------------------------------------------------------------------


 --------------------
 Analytical gradient
 --------------------

 Gradient (hartree/bohr):
                         X                   Y                   Z
 1             0.000000000        -0.000000000        -0.063314381
 2            -0.000000000        -0.043915406         0.031657190
 3             0.000000000         0.043915406         0.031657190
 Saving results in set 'json_results'

 --------------------------------------------------------------------------------
                                 command: print
 --------------------------------------------------------------------------------

 All stored results
 ------------------

 json_results:
   energy:                          -75.9553132845
   gradient:                          matrix                                                        

 previous:
   energy:                          -75.9553132845
   gradient:                          matrix                                                        

 --------------------------------------------------------------------------------

 End time:           Fri Nov 29 15:14:09 2019
 Total time elapsed: 0.088943 s

==================================================================================
