
==================================================================================
          _____________ ________ _______________ ________     _________  
         / ___________// ______ \\_____   _____// ______ \   / ________) 
        / /_________  / /      \ \     | |     / /      \ \ | (_______   
       |  __________|| |        | |    | |    | |        | | \________ \ 
        \ \_________ | |        | |    | |     \ \______/ /___________) |
         \__________||_|        |_|    |_|      \________//____________/ 

==================================================================================

 Git hash:   91ab665d288f78b4a325b505d787ebd82d48dcf0
 Git date:   Tue, 26 Nov 2019 15:24:40 +0000
 Compiler:   AppleClang 11.0.0.11000033
 Build type: Release
 Version:    0.7.1

 Start time: Mon Dec  2 13:38:00 2019

 Data directory: /Users/sebastianlee/Documents/EntosDev/entos_master/data
 Number of cores: 1

 --------------------------------------------------------------------------------
                             command: entos_policy
 --------------------------------------------------------------------------------


 --------------------------------------------------------------------------------
                                  command: hf
 --------------------------------------------------------------------------------

 AO basis set:                        def2-svp                                                      
 Number of AO basis functions:       19

 Number of alpha electrons:           5
 Number of beta electrons:            4
 Number of unpaired electrons:        1
 Spin:                                1

 Theory:                              HF                                                            
 Method for Coulomb:                  incore_df                                                     
 Method for exact exchange:           pre_transformed_df                                            
 Using density-fitting approximations
 DF basis set:                        def2-svp-jkfit                                                
 Number of DF basis functions:       95
 Schwarz screening threshold:         1.00e-10
 Coulomb fitting method:              Cholesky                                                      
 Pre-transform 3-index DF integrals.
 Method for AO orthogonalization:     symmetric                                                     
 Threshold for linear dependence:     1.00e-07

 -------------------------
 Running unrestricted SCF
 -------------------------
 Max number of iterations:          128
 Conv. threshold (gradient):          1.00e-05
 Conv. threshold (energy):            1.00e-06
 Initial guess:                       SAD                                                           
 Interpolation scheme:                adiis+cdiis                                                   

 ---------------------------------------------------------------
                  energy        change          grad        time
 ---------------------------------------------------------------
   0       -74.953881031                    1.26e+00        0.00
   1       -75.307413664     -3.54e-01      2.61e-01        0.00
   2       -75.321948727     -1.45e-02      4.51e-02        0.00
   3       -75.323083089     -1.13e-03      2.83e-02        0.00
   4       -75.323324760     -2.42e-04      7.80e-03        0.00
   5       -75.323382035     -5.73e-05      4.20e-03        0.00
   6       -75.323401602     -1.96e-05      1.69e-03        0.00
   7       -75.323405646     -4.04e-06      4.81e-04        0.00
   8       -75.323405927     -2.81e-07      1.03e-04        0.00
   9       -75.323405935     -8.10e-09      1.31e-05        0.00
  10       -75.323405935     -1.64e-10      2.17e-06        0.00

 SCF converged in 10 iterations.

 Molecular Dipole:                   0.000000   -0.585324    0.453206
 TOTAL ENERGY:                      -75.323405935
 Saving results in set 'json_results'

 --------------------------------------------------------------------------------

 End time:           Mon Dec  2 13:38:00 2019
 Total time elapsed: 0.075 s

==================================================================================
