
==================================================================================
          _____________ ________ _______________ ________     _________  
         / ___________// ______ \\_____   _____// ______ \   / ________) 
        / /_________  / /      \ \     | |     / /      \ \ | (_______   
       |  __________|| |        | |    | |    | |        | | \________ \ 
        \ \_________ | |        | |    | |     \ \______/ /___________) |
         \__________||_|        |_|    |_|      \________//____________/ 

==================================================================================

 Git hash:   91ab665d288f78b4a325b505d787ebd82d48dcf0
 Git date:   Tue, 26 Nov 2019 15:24:40 +0000
 Compiler:   AppleClang 11.0.0.11000033
 Build type: Release
 Version:    0.7.1

 Start time: Mon Dec  2 13:37:41 2019

 Data directory: /Users/sebastianlee/Documents/EntosDev/entos_master/data
 Number of cores: 1

 --------------------------------------------------------------------------------
                             command: entos_policy
 --------------------------------------------------------------------------------


 --------------------------------------------------------------------------------
                               command: gradient
 --------------------------------------------------------------------------------


 --------------------
 Analytical gradient
 --------------------

 Gradient (hartree/bohr):
                         X                   Y                   Z
 1             0.000000001         0.000000003        -0.022776960
 2            -0.000000000        -0.020543726         0.011388481
 3            -0.000000000         0.020543723         0.011388479
 Saving results in set 'json_results'

 --------------------------------------------------------------------------------

 End time:           Mon Dec  2 13:37:41 2019
 Total time elapsed: 0.194467 s

==================================================================================
