Use device 2 as 0th gpu
Startfile from command line: gradient.in


       ***********************************************************
       *                    TeraChem v1.9-2018.10-dev            *
       *                 Hg Version: afef946e6bce                *
       *                   Development Version                   *
       *                Compiled without textures                *
       *           Chemistry at the Speed of Graphics!           *
       ***********************************************************
       * This program may only be used in connection with        *
       * a valid license from PetaChem, LLC. Use of this program *
       * or results thereof indicates acceptance of all terms    *
       * and conditions stated in the license and that a valid   *
       * license agreement between the user and PetaChem, LLC    *
       * exists. PetaChem, LLC does not warrant the correctness  *
       * of results or their suitability for any purpose.        *
       * Please email bugs, suggestions, and comments to         *
       *                  help@petachem.com                      *
       *                                                         *
       ***********************************************************


       ***********************************************************
       *  Compiled by fangliu      Tue Apr  9 10:57:46 EDT 2019  *
       *  Supported architectures: sm_35 sm_52 sm_61             *
       *  Cuda compilation tools, release 9.1, V9.1.85           *
       ***********************************************************


 Job started   Tue Apr 16 11:43:27 2019
 On gibraltar-21.localdomain (available memory: 8007 MB)

######################################### RUNTIME INFO ##########################################
terachem -g2 gradient.in 

NVRM version: NVIDIA UNIX x86_64 Kernel Module  390.48  Thu Mar 22 00:42:57 PDT 2018
GCC version:  gcc version 4.4.7 20120313 (Red Hat 4.4.7-11) (GCC) 

	linux-vdso.so.1 =>  (0x00007fffb85ff000)
	libcurl.so.4 => /usr/lib64/libcurl.so.4 (0x0000003bd6000000)
	libdftbplus.so => /home/fangliu/src/production_OpenMM/production/build/lib/libdftbplus.so (0x00002ba83186f000)
	libfsockets.so => /home/fangliu/src/production_OpenMM/production/build/lib/libfsockets.so (0x00002ba831d54000)
	libxmlf90.so => /home/fangliu/src/production_OpenMM/production/build/lib/libxmlf90.so (0x00002ba831f57000)
	libOpenMM.so => /opt/OpenMM-7.1.1/lib/libOpenMM.so (0x00002ba83217b000)
	libintbox.so.1 => /home/fangliu/src/production_OpenMM/production/build/lib/libintbox.so.1 (0x00002ba83269c000)
	libthcbox.so.1 => /home/fangliu/src/production_OpenMM/production/build/lib/libthcbox.so.1 (0x00002ba846ba5000)
	libgridbox.so.1 => /home/fangliu/src/production_OpenMM/production/build/lib/libgridbox.so.1 (0x00002ba847cfb000)
	libdftbox.so.1 => /home/fangliu/src/production_OpenMM/production/build/lib/libdftbox.so.1 (0x00002ba848123000)
	libcibox.so.1 => /home/fangliu/src/production_OpenMM/production/build/lib/libcibox.so.1 (0x00002ba848409000)
	libcuda.so.1 => /usr/lib64/libcuda.so.1 (0x00002ba848796000)
	libcudart.so.9.1 => /home/fangliu/src/production_OpenMM/production/build/lib/libcudart.so.9.1 (0x00002ba849336000)
	libcublas.so.9.1 => /home/fangliu/src/production_OpenMM/production/build/lib/libcublas.so.9.1 (0x00002ba8495a4000)
	libcufft.so.9.1 => /home/fangliu/src/production_OpenMM/production/build/lib/libcufft.so.9.1 (0x00002ba84cb3c000)
	libcusparse.so.9.1 => /home/fangliu/src/production_OpenMM/production/build/lib/libcusparse.so.9.1 (0x00002ba854029000)
	libcrypto.so.10 => /usr/lib64/libcrypto.so.10 (0x0000003bd4400000)
	libssl.so.10 => /usr/lib64/libssl.so.10 (0x0000003bd6c00000)
	libstdc++.so.6 => /usr/lib64/libstdc++.so.6 (0x0000003bd2c00000)
	libm.so.6 => /lib64/libm.so.6 (0x0000003bd0000000)
	libcilkrts.so.5 => /home/fangliu/src/production_OpenMM/production/build/lib/libcilkrts.so.5 (0x00002ba8576ff000)
	libgcc_s.so.1 => /lib64/libgcc_s.so.1 (0x0000003bd1c00000)
	libpthread.so.0 => /lib64/libpthread.so.0 (0x0000003bcf000000)
	libc.so.6 => /lib64/libc.so.6 (0x0000003bcec00000)
	/lib64/ld-linux-x86-64.so.2 (0x0000003bce800000)
	libdl.so.2 => /lib64/libdl.so.2 (0x0000003bcf400000)
	libidn.so.11 => /lib64/libidn.so.11 (0x0000003bd1800000)
	libldap-2.4.so.2 => /lib64/libldap-2.4.so.2 (0x0000003bd1400000)
	librt.so.1 => /lib64/librt.so.1 (0x0000003bcfc00000)
	libgssapi_krb5.so.2 => /lib64/libgssapi_krb5.so.2 (0x0000003bd5c00000)
	libkrb5.so.3 => /lib64/libkrb5.so.3 (0x0000003bd4c00000)
	libk5crypto.so.3 => /lib64/libk5crypto.so.3 (0x0000003bd5000000)
	libcom_err.so.2 => /lib64/libcom_err.so.2 (0x0000003bd3000000)
	libz.so.1 => /lib64/libz.so.1 (0x0000003bcf800000)
	libssl3.so => /usr/lib64/libssl3.so (0x0000003bd5800000)
	libsmime3.so => /usr/lib64/libsmime3.so (0x00002ba85793e000)
	libnss3.so => /usr/lib64/libnss3.so (0x0000003bd3400000)
	libnssutil3.so => /usr/lib64/libnssutil3.so (0x0000003bd3c00000)
	libplds4.so => /lib64/libplds4.so (0x0000003bd3800000)
	libplc4.so => /lib64/libplc4.so (0x00002ba857b6b000)
	libnspr4.so => /lib64/libnspr4.so (0x0000003bd4000000)
	libssh2.so.1 => /usr/lib64/libssh2.so.1 (0x0000003bd7c00000)
	libmkl_intel_lp64.so => /opt/intel/2016/compilers_and_libraries/linux/mkl/lib/intel64/libmkl_intel_lp64.so (0x00002ba857d72000)
	libmkl_intel_thread.so => /opt/intel/2016/compilers_and_libraries/linux/mkl/lib/intel64/libmkl_intel_thread.so (0x00002ba8586b0000)
	libmkl_core.so => /opt/intel/2016/compilers_and_libraries/linux/mkl/lib/intel64/libmkl_core.so (0x00002ba859a07000)
	libiomp5.so => /opt/intel/2016/compilers_and_libraries/linux/ipp/../compiler/lib/intel64/libiomp5.so (0x00002ba85b2ec000)
	libifport.so.5 => /opt/intel/2016/compilers_and_libraries/linux/ipp/../compiler/lib/intel64/libifport.so.5 (0x00002ba85b62e000)
	libifcoremt.so.5 => /opt/intel/2016/compilers_and_libraries/linux/ipp/../compiler/lib/intel64/libifcoremt.so.5 (0x00002ba85b85d000)
	libimf.so => /opt/intel/2016/compilers_and_libraries/linux/ipp/../compiler/lib/intel64/libimf.so (0x00002ba85bbef000)
	libsvml.so => /opt/intel/2016/compilers_and_libraries/linux/ipp/../compiler/lib/intel64/libsvml.so (0x00002ba85c0e8000)
	libintlc.so.5 => /opt/intel/2016/compilers_and_libraries/linux/ipp/../compiler/lib/intel64/libintlc.so.5 (0x00002ba85cfa7000)
	libnvidia-fatbinaryloader.so.390.48 => /usr/lib64/libnvidia-fatbinaryloader.so.390.48 (0x00002ba85d207000)
	liblber-2.4.so.2 => /lib64/liblber-2.4.so.2 (0x0000003bd1000000)
	libresolv.so.2 => /lib64/libresolv.so.2 (0x0000003bd0c00000)
	libsasl2.so.2 => /usr/lib64/libsasl2.so.2 (0x0000003bd7800000)
	libkrb5support.so.0 => /lib64/libkrb5support.so.0 (0x0000003bd5400000)
	libkeyutils.so.1 => /lib64/libkeyutils.so.1 (0x0000003bd4800000)
	libcrypt.so.1 => /lib64/libcrypt.so.1 (0x0000003bd2400000)
	libselinux.so.1 => /lib64/libselinux.so.1 (0x0000003bd0800000)
	libfreebl3.so => /lib64/libfreebl3.so (0x0000003bd2800000)
#################################################################################################

Cannot find license.dat file in the TeraChem installation directory /home/fangliu/src/production_OpenMM/production/build


TRYING THE NETWORK LICENSE...
Connecting to license server '54.208.252.40' port '8877'...
Connected!
Checking your license...

**************************************************************
  Greetings, Martinez Group! You have 1000 licenses in total
  IN USE: 6
  AVAILABLE: 994
**************************************************************

Scratch directory: ./scr
Random number seed: 1688824437

XYZ coordinates geometry.xyz
Molden File Output: ./scr/geometry.molden
Using basis set: sto-3g
dmrgstart not found
Spin multiplicity: 1
DIIS will use up to 10 vectors.
WF convergence threshold: 3.00e-05
Using DIIS (in Converger class) to converge WF with ADIIS+DIIS as backup
ADIIS will switch to DIIS when the DIIS error drops below 1.00e-03
Using level shifting to help convergence of DIIS
Alpha level shift: 1.000000
Beta level shift: 0.100000
Maximum number of SCF iterations: 500
Incremental fock with rebuild every 8 iterations
Will switch to conventional Fock if diffuse functions are detected
X-matrix tolerance: 1.00e-04
PRECISION: DYNAMIC
DFT Functional requested: b3lyp
Method: B3LYP 
  Hartree-Fock exact exchange:          0.20 
  Slater exchange functional:           0.80 
  Becke 1988 exchange functional:       0.72 
  Lee-Yang-Parr correlation functional: 0.81 
  VWN(I) correlation functional:        0.19 
Wavefunction: UNRESTRICTED
DFT grid type: 1
Using dynamic DFT grids.
Initial guess generated by maximum overlap

********************************************
**** SINGLE POINT GRADIENT CALCULATIONS ****
********************************************
SCF:   Initial guess is taken from previous step

using 1 out of 8 CUDA devices
   Device 0:      GeForce GTX 970, 4043MB, CC 5.2 -- IDLE
   Device 1:      GeForce GTX 970, 4043MB, CC 5.2 -- IDLE
   Device 2:      GeForce GTX 970,  4043MB, CC 5.2 -- CPU THREAD 0
   Device 3:      GeForce GTX 970, 4043MB, CC 5.2 -- IDLE
   Device 4:      GeForce GTX 970, 4043MB, CC 5.2 -- IDLE
   Device 5:      GeForce GTX 970, 4043MB, CC 5.2 -- IDLE
   Device 6:      GeForce GTX 970, 4043MB, CC 5.2 -- IDLE
   Device 7:      GeForce GTX 970, 4043MB, CC 5.2 -- IDLE
-------------------------------------------------------------------
Compiled with MAGMA support.  MAGMA parameters:
    Matrices larger than 5000 square will be treated with MAGMA
       (Change by setting the MagmaMinN environment variable)
    Magma will use 1 out of 1 GPUs
       (Change by setting the MagmaNGPUs environment variable)
-------------------------------------------------------------------
 CPU Memory Available: 16129.12 MegaWords 
 GPU Memory Available: 249.38 MegaWords 
 Maximum recommended basis set size: 5100 basis functions
 (limited by GPU memory)
-------------------------------------------------------------------
Not using d-functions. Configuring GPUs accordingly.
0: CUBLAS initialized, available GPU memory: 2714MB

****** QM coordinates ******
O         0.0000000000         0.0000000000        -0.0685162460  
H         0.0000000000        -0.7906898888         0.5437012783  
H         0.0000000000         0.7906898888         0.5437012783  

Basis set:       sto-3g
Total atoms:     3
Total charge:    0
Total electrons: 10 (5-alpha, 5-beta)
Number electrons modeled by ECPs: 0
Total orbitals:  7
Total AO shells: 5 (4 S-shells; 1 P-shells; 0 D-shells; 0 F-shells; 0 G-shells)
Spin multiplicity: 1
Nuclear repulsion energy (QM atoms): 8.801462697763 a.u.

Setting up the DFT grid...
time to set the grid = 0.00 s
DFT grid points: 3162 (1054 points/atom)
Setting up the DFT grid...
time to set the grid = 0.00 s
DFT grid points: 8796 (2932 points/atom)

                      *** Start SCF Iterations ***

 Iter     DIIS Error       Energy change      Electrons        XC Energy           Energy        Time(s)
----------------------------------------------------------------------------------------------------------
         >>> Purifying Palpha... IDMP = 3.44e-15 <<<
         >>> Purifying Pbeta ... IDMP = 3.44e-15 <<<
THRESPDP set to 1.00e+00
                >>> SWITCHING TO GRID 1 <<<
Rotate HOMO and LUMO by 45.000000 degrees
   1     0.6299099999     -75.0676066644    10.0000259645    -7.5459349937     -75.0676066644     0.05  
THRESPDP set to 8.33e+00
                >>> SWITCHING TO GRID 0 <<<
   2     0.2003827630      -0.0670859943    10.0001826324    -7.5710210784     -75.1346926587     0.02  
   3     0.1575478207      -0.0662725364    10.0001848187    -7.6137301831     -75.2009651951     0.02  
   4     0.1321888925      -0.0441725082    10.0001596659    -7.6032380818     -75.2451377033     0.02  
   5     0.1092443072      -0.0330631645    10.0001258686    -7.5760633194     -75.2782008678     0.02  
   6     0.0821628742      -0.0190197481    10.0001203844    -7.5806157707     -75.2972206159     0.02  
   7     0.0553093275      -0.0132053551    10.0001291621    -7.6038120729     -75.3104259710     0.02  
   8     0.0412783127      -0.0046708288    10.0001241346    -7.5998346425     -75.3150967997     0.02  
THRESPDP set to 9.21e-02
   9     0.0294354298      -0.0021358098    10.0001216074    -7.5975349963     -75.3172326095     0.03  
  10     0.0207722375      -0.0014745953    10.0001243197    -7.6029204122     -75.3187072048     0.02  
  11     0.0137310167      -0.0005811990    10.0001266162    -7.6070177665     -75.3192884038     0.02  
  12     0.0091413485      -0.0002282675    10.0001256276    -7.6057026427     -75.3195166713     0.02  
                >>> SWITCHING TO GRID 1 <<<
  13     0.0061367827      -0.0001211006    10.0000208085    -7.6060706005     -75.3196377719     0.05  
  14     0.0042580850      -0.0000526753    10.0000208498    -7.6067210547     -75.3196904472     0.05  
  15     0.0029159360      -0.0000234199    10.0000208725    -7.6068145997     -75.3197138671     0.05  
  16     0.0019878741      -0.0000108792    10.0000208816    -7.6067972435     -75.3197247463     0.05  
  17     0.0013579361      -0.0000048771    10.0000208125    -7.6068261873     -75.3197296233     0.05  
  18     0.0009300360      -0.0000024014    10.0000208459    -7.6068573379     -75.3197320247     0.04  
  19     0.0006368593      -0.0000011176    10.0000208534    -7.6068773875     -75.3197331423     0.04  
  20     0.0004359925      -0.0000005266    10.0000208633    -7.6068908467     -75.3197336689     0.05  
  21     0.0002984029      -0.0000002196    10.0000207956    -7.6068986247     -75.3197338884     0.05  
  22     0.0002043469      -0.0000001398    10.0000208615    -7.6069028175     -75.3197340283     0.05  
  23     0.0001398857      -0.0000000457    10.0000208528    -7.6069040682     -75.3197340740     0.05  
  24     0.0000957642      -0.0000000389    10.0000208854    -7.6069054266     -75.3197341129     0.05  
  25     0.0000656247      -0.0000000684    10.0000208731    -7.6069062441     -75.3197341813     0.05  
  26     0.0000449630      +0.0000000100    10.0000208422    -7.6069067011     -75.3197341713     0.05  
  27     0.0000307731      -0.0000000110    10.0000208656    -7.6069070104     -75.3197341823     0.05  
  28     0.0000210592      -0.0000000010    10.0000208663    -7.6069072111     -75.3197341833     0.05  
----------------------------------------------------------------------------------------------------------
FINAL ENERGY: -75.3197341833 a.u.
CENTER OF MASS: {0.000000, 0.000000, 0.000000} ANGS
DIPOLE MOMENT: {-0.000018, -0.000000, 1.607331} (|D| = 1.607331) DEBYE
SPIN SZ:         0.000000
SPIN S-SQUARED: 0.000000 (exact: 0.00)

Running Mulliken population analysis...

GPU Memory: 2612 Mb
GPU Memory: 2612 Mb
Writing out molden info

Gradient units are Hartree/Bohr
---------------------------------------------------
        dE/dX            dE/dY            dE/dZ
   -0.0000162579    -0.0000000086     0.0521081813
    0.0000081296     0.0073112882    -0.0260540725
    0.0000081284    -0.0073112796    -0.0260541076
---------------------------------------------------
Net gradient: -1.461103e-13  7.424127e-11  1.187224e-09
Net torque:   -6.241632e-08  1.880920e-05  1.738917e-09

Total processing time: 1.36 sec 

 Job finished: Tue Apr 16 11:44:12 2019

