
==================================================================================
          _____________ ________ _______________ ________     _________  
         / ___________// ______ \\_____   _____// ______ \   / ________) 
        / /_________  / /      \ \     | |     / /      \ \ | (_______   
       |  __________|| |        | |    | |    | |        | | \________ \ 
        \ \_________ | |        | |    | |     \ \______/ /___________) |
         \__________||_|        |_|    |_|      \________//____________/ 

==================================================================================

 Git hash:   91ab665d288f78b4a325b505d787ebd82d48dcf0
 Git date:   Tue, 26 Nov 2019 15:24:40 +0000
 Compiler:   AppleClang 11.0.0.11000033
 Build type: Release
 Version:    0.7.1

 Start time: Mon Dec  2 11:33:58 2019

 Data directory: /Users/sebastianlee/Documents/EntosDev/entos_master/data
 Number of cores: 1

 --------------------------------------------------------------------------------
                               command: gradient
 --------------------------------------------------------------------------------


 --------------------
 Analytical gradient
 --------------------

 Gradient (hartree/bohr):
                         X                   Y                   Z
 1             0.000000000         0.033416348        -0.025873701
 2            -0.000000000        -0.033416348         0.025873701
 Saving results in set 'json_results'

 --------------------------------------------------------------------------------

 End time:           Mon Dec  2 11:33:58 2019
 Total time elapsed: 0.081321 s

==================================================================================
